<?xml version="1.0" encoding="UTF-8"?>
<coverage generated="1647439547423" clover="3.2.0">
  <project timestamp="1647439547423" name="All files">
    <metrics statements="10" coveredstatements="10" conditionals="6" coveredconditionals="6" methods="5" coveredmethods="5" elements="21" coveredelements="21" complexity="0" loc="10" ncloc="10" packages="1" files="2" classes="2"/>
    <file name="add.js" path="/Users/kevin/Desktop/BBC_NodeJS/Code/06/add.js">
      <metrics statements="4" coveredstatements="4" conditionals="4" coveredconditionals="4" methods="1" coveredmethods="1"/>
      <line num="2" count="1" type="stmt"/>
      <line num="3" count="2" type="cond" truecount="4" falsecount="0"/>
      <line num="4" count="1" type="stmt"/>
      <line num="6" count="1" type="stmt"/>
    </file>
    <file name="req-prom.js" path="/Users/kevin/Desktop/BBC_NodeJS/Code/06/req-prom.js">
      <metrics statements="6" coveredstatements="6" conditionals="2" coveredconditionals="2" methods="4" coveredmethods="4"/>
      <line num="4" count="2" type="stmt"/>
      <line num="5" count="2" type="stmt"/>
      <line num="9" count="1" type="stmt"/>
      <line num="10" count="2" type="stmt"/>
      <line num="11" count="2" type="cond" truecount="2" falsecount="0"/>
      <line num="12" count="1" type="stmt"/>
    </file>
  </project>
</coverage>
